<?xml version="1.0" encoding="UTF-8"?>
<!-- Generated by org.testng.reporters.JUnitReportReporter -->
<testsuite hostname="NGOCTAI" failures="1" tests="3" name="tests.SampleTest" time="25.270" errors="0" timestamp="2026-03-17T14:29:07 ICT" skipped="0">
  <testcase classname="tests.SampleTest" name="testGoogleHomePage" time="5.130"/>
  <testcase classname="tests.SampleTest" name="testAnotherPage" time="11.682"/>
  <testcase classname="tests.SampleTest" name="testFailedTest" time="8.458">
    <failure message="This is an intentional failure to test screenshot capture" type="java.lang.AssertionError">
      <![CDATA[java.lang.AssertionError: This is an intentional failure to test screenshot capture
at org.testng.Assert.fail(Assert.java:111)
at tests.SampleTest.testFailedTest(SampleTest.java:23)
at java.base/jdk.internal.reflect.DirectMethodHandleAccessor.invoke(DirectMethodHandleAccessor.java:103)
at java.base/java.lang.reflect.Method.invoke(Method.java:580)
at org.testng.internal.invokers.MethodInvocationHelper.invokeMethod(MethodInvocationHelper.java:139)
at org.testng.internal.invokers.TestInvoker.invokeMethod(TestInvoker.java:664)
at org.testng.internal.invokers.TestInvoker.invokeTestMethod(TestInvoker.java:227)
at org.testng.internal.invokers.MethodRunner.runInSequence(MethodRunner.java:50)
at org.testng.internal.invokers.TestInvoker$MethodInvocationAgent.invoke(TestInvoker.java:957)
at org.testng.internal.invokers.TestInvoker.invokeTestMethods(TestInvoker.java:200)
at org.testng.internal.invokers.TestMethodWorker.invokeTestMethods(TestMethodWorker.java:148)
at org.testng.internal.invokers.TestMethodWorker.run(TestMethodWorker.java:128)
at java.base/java.util.concurrent.ThreadPoolExecutor.runWorker(ThreadPoolExecutor.java:1144)
at java.base/java.util.concurrent.ThreadPoolExecutor$Worker.run(ThreadPoolExecutor.java:642)
at java.base/java.lang.Thread.run(Thread.java:1583)
]]>
    </failure>
  </testcase> <!-- testFailedTest -->
</testsuite> <!-- tests.SampleTest -->
