<?xml version="1.0" encoding="UTF-8"?>
<!-- Generated by org.testng.reporters.JUnitReportReporter -->
<testsuite hostname="NGOCTAI" failures="0" tests="3" name="tests.ParallelTest" time="28.796" errors="0" timestamp="2026-03-17T14:29:07 ICT" skipped="0">
  <testcase classname="tests.ParallelTest" name="testParallelExecution3" time="7.477"/>
  <testcase classname="tests.ParallelTest" name="testParallelExecution1" time="9.357"/>
  <testcase classname="tests.ParallelTest" name="testParallelExecution2" time="11.962"/>
</testsuite> <!-- tests.ParallelTest -->
