<?xml version="1.0" encoding="UTF-8"?>
<testng-results ignored="0" total="10" passed="10" failed="0" skipped="0">
  <reporter-output>
  </reporter-output>
  <suite started-at="2026-03-17T14:50:22 ICT" name="Surefire suite" finished-at="2026-03-17T14:51:02 ICT" duration-ms="40113">
    <groups>
    </groups>
    <test started-at="2026-03-17T14:50:22 ICT" name="Surefire test" finished-at="2026-03-17T14:51:02 ICT" duration-ms="40113">
      <class name="tests.LoginTest">
        <test-method is-config="true" signature="setUp()[pri:0, instance:tests.LoginTest@3967e60c]" started-at="2026-03-17T14:50:49 ICT" name="setUp" finished-at="2026-03-17T14:50:51 ICT" duration-ms="1844" status="PASS">
          <reporter-output>
          </reporter-output>
        </test-method> <!-- setUp -->
        <test-method signature="testEmptyCredentials()[pri:0, instance:tests.LoginTest@3967e60c]" started-at="2026-03-17T14:50:51 ICT" name="testEmptyCredentials" finished-at="2026-03-17T14:50:51 ICT" duration-ms="540" status="PASS">
          <reporter-output>
          </reporter-output>
        </test-method> <!-- testEmptyCredentials -->
        <test-method is-config="true" signature="tearDown()[pri:0, instance:tests.LoginTest@3967e60c]" started-at="2026-03-17T14:50:51 ICT" name="tearDown" finished-at="2026-03-17T14:50:52 ICT" duration-ms="237" status="PASS">
          <reporter-output>
          </reporter-output>
        </test-method> <!-- tearDown -->
        <test-method is-config="true" signature="setUp()[pri:0, instance:tests.LoginTest@3967e60c]" started-at="2026-03-17T14:50:52 ICT" name="setUp" finished-at="2026-03-17T14:50:55 ICT" duration-ms="3093" status="PASS">
          <reporter-output>
          </reporter-output>
        </test-method> <!-- setUp -->
        <test-method signature="testInvalidPassword()[pri:0, instance:tests.LoginTest@3967e60c]" started-at="2026-03-17T14:50:55 ICT" name="testInvalidPassword" finished-at="2026-03-17T14:50:55 ICT" duration-ms="697" status="PASS">
          <reporter-output>
          </reporter-output>
        </test-method> <!-- testInvalidPassword -->
        <test-method is-config="true" signature="tearDown()[pri:0, instance:tests.LoginTest@3967e60c]" started-at="2026-03-17T14:50:55 ICT" name="tearDown" finished-at="2026-03-17T14:50:56 ICT" duration-ms="340" status="PASS">
          <reporter-output>
          </reporter-output>
        </test-method> <!-- tearDown -->
        <test-method is-config="true" signature="setUp()[pri:0, instance:tests.LoginTest@3967e60c]" started-at="2026-03-17T14:50:56 ICT" name="setUp" finished-at="2026-03-17T14:50:58 ICT" duration-ms="2275" status="PASS">
          <reporter-output>
          </reporter-output>
        </test-method> <!-- setUp -->
        <test-method signature="testInvalidUsername()[pri:0, instance:tests.LoginTest@3967e60c]" started-at="2026-03-17T14:50:58 ICT" name="testInvalidUsername" finished-at="2026-03-17T14:50:59 ICT" duration-ms="525" status="PASS">
          <reporter-output>
          </reporter-output>
        </test-method> <!-- testInvalidUsername -->
        <test-method is-config="true" signature="tearDown()[pri:0, instance:tests.LoginTest@3967e60c]" started-at="2026-03-17T14:50:59 ICT" name="tearDown" finished-at="2026-03-17T14:50:59 ICT" duration-ms="261" status="PASS">
          <reporter-output>
          </reporter-output>
        </test-method> <!-- tearDown -->
        <test-method is-config="true" signature="setUp()[pri:0, instance:tests.LoginTest@3967e60c]" started-at="2026-03-17T14:50:59 ICT" name="setUp" finished-at="2026-03-17T14:51:01 ICT" duration-ms="2509" status="PASS">
          <reporter-output>
          </reporter-output>
        </test-method> <!-- setUp -->
        <test-method signature="testValidLogin()[pri:0, instance:tests.LoginTest@3967e60c]" started-at="2026-03-17T14:51:01 ICT" name="testValidLogin" finished-at="2026-03-17T14:51:02 ICT" duration-ms="581" status="PASS">
          <reporter-output>
          </reporter-output>
        </test-method> <!-- testValidLogin -->
        <test-method is-config="true" signature="tearDown()[pri:0, instance:tests.LoginTest@3967e60c]" started-at="2026-03-17T14:51:02 ICT" name="tearDown" finished-at="2026-03-17T14:51:02 ICT" duration-ms="286" status="PASS">
          <reporter-output>
          </reporter-output>
        </test-method> <!-- tearDown -->
      </class> <!-- tests.LoginTest -->
      <class name="tests.CartTest">
        <test-method is-config="true" signature="setUp()[pri:0, instance:tests.CartTest@20d28811]" started-at="2026-03-17T14:50:22 ICT" name="setUp" finished-at="2026-03-17T14:50:27 ICT" duration-ms="4682" status="PASS">
          <reporter-output>
          </reporter-output>
        </test-method> <!-- setUp -->
        <test-method signature="testAddItemToCart()[pri:0, instance:tests.CartTest@20d28811]" started-at="2026-03-17T14:50:27 ICT" name="testAddItemToCart" finished-at="2026-03-17T14:50:28 ICT" duration-ms="978" status="PASS">
          <reporter-output>
          </reporter-output>
        </test-method> <!-- testAddItemToCart -->
        <test-method is-config="true" signature="tearDown()[pri:0, instance:tests.CartTest@20d28811]" started-at="2026-03-17T14:50:28 ICT" name="tearDown" finished-at="2026-03-17T14:50:28 ICT" duration-ms="307" status="PASS">
          <reporter-output>
          </reporter-output>
        </test-method> <!-- tearDown -->
        <test-method is-config="true" signature="setUp()[pri:0, instance:tests.CartTest@20d28811]" started-at="2026-03-17T14:50:28 ICT" name="setUp" finished-at="2026-03-17T14:50:31 ICT" duration-ms="2630" status="PASS">
          <reporter-output>
          </reporter-output>
        </test-method> <!-- setUp -->
        <test-method signature="testAddSpecificItemByName()[pri:0, instance:tests.CartTest@20d28811]" started-at="2026-03-17T14:50:31 ICT" name="testAddSpecificItemByName" finished-at="2026-03-17T14:50:32 ICT" duration-ms="857" status="PASS">
          <reporter-output>
          </reporter-output>
        </test-method> <!-- testAddSpecificItemByName -->
        <test-method is-config="true" signature="tearDown()[pri:0, instance:tests.CartTest@20d28811]" started-at="2026-03-17T14:50:32 ICT" name="tearDown" finished-at="2026-03-17T14:50:32 ICT" duration-ms="400" status="PASS">
          <reporter-output>
          </reporter-output>
        </test-method> <!-- tearDown -->
        <test-method is-config="true" signature="setUp()[pri:0, instance:tests.CartTest@20d28811]" started-at="2026-03-17T14:50:32 ICT" name="setUp" finished-at="2026-03-17T14:50:34 ICT" duration-ms="2055" status="PASS">
          <reporter-output>
          </reporter-output>
        </test-method> <!-- setUp -->
        <test-method signature="testEmptyCartItemCount()[pri:0, instance:tests.CartTest@20d28811]" started-at="2026-03-17T14:50:34 ICT" name="testEmptyCartItemCount" finished-at="2026-03-17T14:50:35 ICT" duration-ms="590" status="PASS">
          <reporter-output>
          </reporter-output>
        </test-method> <!-- testEmptyCartItemCount -->
        <test-method is-config="true" signature="tearDown()[pri:0, instance:tests.CartTest@20d28811]" started-at="2026-03-17T14:50:35 ICT" name="tearDown" finished-at="2026-03-17T14:50:35 ICT" duration-ms="284" status="PASS">
          <reporter-output>
          </reporter-output>
        </test-method> <!-- tearDown -->
        <test-method is-config="true" signature="setUp()[pri:0, instance:tests.CartTest@20d28811]" started-at="2026-03-17T14:50:35 ICT" name="setUp" finished-at="2026-03-17T14:50:39 ICT" duration-ms="4243" status="PASS">
          <reporter-output>
          </reporter-output>
        </test-method> <!-- setUp -->
        <test-method signature="testFluentInterfaceAddToCart()[pri:0, instance:tests.CartTest@20d28811]" started-at="2026-03-17T14:50:39 ICT" name="testFluentInterfaceAddToCart" finished-at="2026-03-17T14:50:40 ICT" duration-ms="988" status="PASS">
          <reporter-output>
          </reporter-output>
        </test-method> <!-- testFluentInterfaceAddToCart -->
        <test-method is-config="true" signature="tearDown()[pri:0, instance:tests.CartTest@20d28811]" started-at="2026-03-17T14:50:40 ICT" name="tearDown" finished-at="2026-03-17T14:50:40 ICT" duration-ms="269" status="PASS">
          <reporter-output>
          </reporter-output>
        </test-method> <!-- tearDown -->
        <test-method is-config="true" signature="setUp()[pri:0, instance:tests.CartTest@20d28811]" started-at="2026-03-17T14:50:40 ICT" name="setUp" finished-at="2026-03-17T14:50:43 ICT" duration-ms="2360" status="PASS">
          <reporter-output>
          </reporter-output>
        </test-method> <!-- setUp -->
        <test-method signature="testMultipleItemsInCart()[pri:0, instance:tests.CartTest@20d28811]" started-at="2026-03-17T14:50:43 ICT" name="testMultipleItemsInCart" finished-at="2026-03-17T14:50:44 ICT" duration-ms="975" status="PASS">
          <reporter-output>
          </reporter-output>
        </test-method> <!-- testMultipleItemsInCart -->
        <test-method is-config="true" signature="tearDown()[pri:0, instance:tests.CartTest@20d28811]" started-at="2026-03-17T14:50:44 ICT" name="tearDown" finished-at="2026-03-17T14:50:44 ICT" duration-ms="241" status="PASS">
          <reporter-output>
          </reporter-output>
        </test-method> <!-- tearDown -->
        <test-method is-config="true" signature="setUp()[pri:0, instance:tests.CartTest@20d28811]" started-at="2026-03-17T14:50:44 ICT" name="setUp" finished-at="2026-03-17T14:50:48 ICT" duration-ms="3684" status="PASS">
          <reporter-output>
          </reporter-output>
        </test-method> <!-- setUp -->
        <test-method signature="testRemoveItemFromCart()[pri:0, instance:tests.CartTest@20d28811]" started-at="2026-03-17T14:50:48 ICT" name="testRemoveItemFromCart" finished-at="2026-03-17T14:50:49 ICT" duration-ms="1065" status="PASS">
          <reporter-output>
          </reporter-output>
        </test-method> <!-- testRemoveItemFromCart -->
        <test-method is-config="true" signature="tearDown()[pri:0, instance:tests.CartTest@20d28811]" started-at="2026-03-17T14:50:49 ICT" name="tearDown" finished-at="2026-03-17T14:50:49 ICT" duration-ms="247" status="PASS">
          <reporter-output>
          </reporter-output>
        </test-method> <!-- tearDown -->
      </class> <!-- tests.CartTest -->
    </test> <!-- Surefire test -->
  </suite> <!-- Surefire suite -->
</testng-results>
