<?xml version="1.0" encoding="UTF-8"?>
<!-- Generated by org.testng.reporters.JUnitReportReporter -->
<testsuite hostname="NGOCTAI" failures="0" tests="6" name="tests.CartTest" time="26.855" errors="0" timestamp="2026-03-17T14:51:02 ICT" skipped="0">
  <testcase classname="tests.CartTest" name="testAddItemToCart" time="3.877"/>
  <testcase classname="tests.CartTest" name="testFluentInterfaceAddToCart" time="3.290"/>
  <testcase classname="tests.CartTest" name="testMultipleItemsInCart" time="5.898"/>
  <testcase classname="tests.CartTest" name="testRemoveItemFromCart" time="3.825"/>
  <testcase classname="tests.CartTest" name="testEmptyCartItemCount" time="4.581"/>
  <testcase classname="tests.CartTest" name="testAddSpecificItemByName" time="5.384"/>
</testsuite> <!-- tests.CartTest -->
