<?xml version="1.0" encoding="UTF-8"?>
<!-- Generated by org.testng.reporters.JUnitReportReporter -->
<testsuite hostname="NGOCTAI" failures="0" tests="4" name="tests.LoginTest" time="13.188" errors="0" timestamp="2026-03-17T14:51:02 ICT" skipped="0">
  <testcase classname="tests.LoginTest" name="testInvalidPassword" time="2.778"/>
  <testcase classname="tests.LoginTest" name="testEmptyCredentials" time="3.310"/>
  <testcase classname="tests.LoginTest" name="testValidLogin" time="4.014"/>
  <testcase classname="tests.LoginTest" name="testInvalidUsername" time="3.086"/>
</testsuite> <!-- tests.LoginTest -->
