<?xml version="1.0" encoding="UTF-8"?>
<!-- Generated by org.testng.reporters.JUnitXMLReporter -->
<testsuite ignored="0" hostname="NGOCTAI" failures="0" tests="10" name="Surefire test" time="40.113" errors="0" timestamp="2026-03-17T14:51:02 ICT">
  <testcase classname="tests.CartTest" name="testAddItemToCart" time="0.978"/>
  <testcase classname="tests.CartTest" name="testAddSpecificItemByName" time="0.857"/>
  <testcase classname="tests.CartTest" name="testEmptyCartItemCount" time="0.59"/>
  <testcase classname="tests.CartTest" name="testFluentInterfaceAddToCart" time="0.988"/>
  <testcase classname="tests.CartTest" name="testMultipleItemsInCart" time="0.975"/>
  <testcase classname="tests.CartTest" name="testRemoveItemFromCart" time="1.065"/>
  <testcase classname="tests.LoginTest" name="testEmptyCredentials" time="0.54"/>
  <testcase classname="tests.LoginTest" name="testInvalidPassword" time="0.697"/>
  <testcase classname="tests.LoginTest" name="testInvalidUsername" time="0.525"/>
  <testcase classname="tests.LoginTest" name="testValidLogin" time="0.581"/>
</testsuite> <!-- Surefire test -->
