<?xml version="1.0" encoding="UTF-8"?>
<!-- Generated by org.testng.reporters.JUnitXMLReporter -->
<testsuite ignored="0" hostname="NGOCTAI" failures="1" tests="6" name="Sample Tests" time="18.463" errors="0" timestamp="2026-03-17T14:29:06 ICT">
  <testcase classname="tests.SampleTest" name="testGoogleHomePage" time="0.993"/>
  <testcase classname="tests.SampleTest" name="testAnotherPage" time="0.897"/>
  <testcase classname="tests.SampleTest" name="testFailedTest" time="0.936">
    <failure type="java.lang.AssertionError" message="This is an intentional failure to test screenshot capture">
      <![CDATA[java.lang.AssertionError: This is an intentional failure to test screenshot capture
at tests.SampleTest.testFailedTest(SampleTest.java:23)
at java.base/java.util.concurrent.ThreadPoolExecutor.runWorker(ThreadPoolExecutor.java:1144)
at java.base/java.util.concurrent.ThreadPoolExecutor$Worker.run(ThreadPoolExecutor.java:642)
at java.base/java.lang.Thread.run(Thread.java:1583)
... Removed 11 stack frames]]>
    </failure>
  </testcase> <!-- testFailedTest -->
  <testcase classname="tests.ParallelTest" name="testParallelExecution1" time="3.254"/>
  <testcase classname="tests.ParallelTest" name="testParallelExecution3" time="3.18"/>
  <testcase classname="tests.ParallelTest" name="testParallelExecution2" time="3.854"/>
</testsuite> <!-- Sample Tests -->
